[2025-04-09 13:39:44] Resetting database...
[2025-04-09 13:39:45] Database reset successfully
[2025-04-09 13:41:22] Resetting database...
[2025-04-09 13:41:22] Database reset successfully
[2025-04-09 13:42:05] Resetting database...
[2025-04-09 13:42:05] Database reset successfully
[2025-04-09 13:42:28] Resetting database...
[2025-04-09 13:42:28] Database reset successfully
[2025-04-09 13:43:43] Resetting database...
[2025-04-09 13:43:43] Database reset successfully
[2025-04-09 13:49:40] Usage: ./db-script.sh {init|reset}
[2025-04-09 13:49:44] Initializing database...
[2025-04-09 13:49:44] Creating new database file
[2025-04-09 13:49:44] Database initialized successfully
[2025-04-09 13:50:07] Initializing database...
[2025-04-09 13:50:07] Database initialized successfully
[2025-04-09 13:50:22] Initializing database...
[2025-04-09 13:50:22] Database initialized successfully
[2025-04-09 13:50:45] Initializing database...
[2025-04-09 13:50:46] Database initialized successfully
[2025-04-09 13:50:57] Resetting database...
[2025-04-09 13:50:57] Database reset successfully
[2025-04-09 13:56:40] Resetting database...
[2025-04-09 13:56:40] Database reset successfully
[2025-04-10 19:08:57] Usage: ./db-script.sh {init|reset}
[2025-04-10 19:09:00] Initializing database...
[2025-04-10 19:09:00] Creating new database file
[2025-04-10 19:09:00] Database initialized successfully
